<?xml version="1.0" encoding="UTF-8"?>
<!-- Generated by org.testng.reporters.JUnitReportReporter -->
<testsuite hostname="DESKTOP-V80DMFV" failures="0" tests="1" name="facebook.Test2" time="0.014" errors="0" timestamp="2022-08-13T10:41:15 PDT" skipped="0">
  <testcase classname="facebook.Test2" name="testdata" time="0.014"/>
  <system-out/>
</testsuite> <!-- facebook.Test2 -->
