<?xml version="1.0" encoding="UTF-8"?>
<!-- Generated by org.testng.reporters.JUnitReportReporter -->
<testsuite hostname="DESKTOP-V80DMFV" failures="0" tests="3" name="facebook.FacebookLoginTest" time="23.714" errors="0" timestamp="2022-08-13T17:43:45 PDT" skipped="0">
  <testcase classname="facebook.FacebookLoginTest" name="enterUserDetails" time="17.577"/>
  <system-out/>
  <testcase classname="facebook.FacebookLoginTest" name="forgotPassowrd" time="6.006"/>
  <system-out/>
  <testcase classname="facebook.FacebookLoginTest" name="searchUser" time="0.131"/>
  <system-out/>
</testsuite> <!-- facebook.FacebookLoginTest -->
