<?xml version="1.0" encoding="UTF-8"?>
<!-- Generated by org.testng.reporters.JUnitReportReporter -->
<testsuite hostname="DESKTOP-V80DMFV" failures="0" tests="1" name="facebook.FacebookLogin" time="5.711" errors="0" timestamp="2022-08-12T07:40:37 PDT" skipped="0">
  <testcase classname="facebook.FacebookLogin" name="loginMethod" time="5.711"/>
  <system-out/>
</testsuite> <!-- facebook.FacebookLogin -->
