<?xml version="1.0" encoding="UTF-8"?>
<!-- Generated by org.testng.reporters.JUnitReportReporter -->
<testsuite hostname="DESKTOP-V80DMFV" failures="0" tests="3" name="facebook.FacebookLoginTest" time="25.117" errors="0" timestamp="2022-08-13T19:26:29 PDT" skipped="0">
  <testcase classname="facebook.FacebookLoginTest" name="enterUserDetails" time="18.450"/>
  <system-out/>
  <testcase classname="facebook.FacebookLoginTest" name="forgotPassowrd" time="6.540"/>
  <system-out/>
  <testcase classname="facebook.FacebookLoginTest" name="searchUser" time="0.127"/>
  <system-out/>
</testsuite> <!-- facebook.FacebookLoginTest -->
